<?xml version="1.0" encoding="UTF-8"?>
<!-- Generated by org.testng.reporters.JUnitReportReporter -->
<testsuite skipped="0" hostname="LabUpama" name="com.actitime.base.DriverScript" tests="1" failures="0" timestamp="2022-02-05T15:02:23 EST" time="6.855" errors="0">
  <testcase name="initApplication" time="6.855" classname="com.actitime.base.DriverScript"/>
  <system-out/>
</testsuite> <!-- com.actitime.base.DriverScript -->
