<?xml version="1.0" encoding="UTF-8"?>
<!-- Generated by org.testng.reporters.JUnitReportReporter -->
<testsuite skipped="0" hostname="LabUpama" name="com.actitime.testcase.CreateCustomer" tests="1" failures="0" timestamp="2022-02-22T18:20:58 EST" time="17.401" errors="0">
  <testcase name="testCreateCustomer" time="17.401" classname="com.actitime.testcase.CreateCustomer"/>
  <system-out/>
</testsuite> <!-- com.actitime.testcase.CreateCustomer -->
